<?xml version="1.0" encoding="UTF-8"?>
<!-- Generated by org.testng.reporters.JUnitReportReporter -->
<testsuite skipped="0" hostname="SNL011025058" name="RestTest.Test_post" tests="1" failures="0" timestamp="22 Jun 2021 06:37:21 GMT" time="2.501" errors="0">
  <testcase name="Test01_post" time="2.501" classname="RestTest.Test_post"/>
</testsuite> <!-- RestTest.Test_post -->
