<?xml version="1.0" encoding="UTF-8"?>
<!-- Generated by org.testng.reporters.JUnitReportReporter -->
<testsuite skipped="0" hostname="SNL011025058" name="RestTest.Get_test" tests="2" failures="0" timestamp="18 Jun 2021 09:55:25 GMT" time="6.139" errors="0">
  <testcase name="test02" time="1.797" classname="RestTest.Get_test"/>
  <testcase name="test01" time="4.342" classname="RestTest.Get_test"/>
</testsuite> <!-- RestTest.Get_test -->
