<?xml version="1.0" encoding="UTF-8"?>
<!-- Generated by org.testng.reporters.JUnitReportReporter -->
<testsuite skipped="0" hostname="SNL011025058" name="RestTest.Example" tests="1" failures="0" timestamp="22 Jun 2021 09:47:22 GMT" time="1.979" errors="0">
  <testcase name="test_post" time="1.979" classname="RestTest.Example"/>
</testsuite> <!-- RestTest.Example -->
