<?xml version="1.0" encoding="UTF-8"?>
<!-- Generated by org.testng.reporters.JUnitReportReporter -->
<testsuite skipped="0" hostname="SNL011025058" name="RestTest.TestGet" tests="1" failures="0" timestamp="18 Jun 2021 05:43:16 GMT" time="4.143" errors="0">
  <testcase name="Test1" time="4.143" classname="RestTest.TestGet"/>
</testsuite> <!-- RestTest.TestGet -->
