<?xml version="1.0" encoding="UTF-8"?>
<!-- Generated by org.testng.reporters.JUnitReportReporter -->
<testsuite skipped="0" hostname="SNL011025058" name="RestTest.SOD" tests="1" failures="0" timestamp="22 Jun 2021 09:50:28 GMT" time="2.010" errors="0">
  <testcase name="se" time="2.010" classname="RestTest.SOD"/>
</testsuite> <!-- RestTest.SOD -->
