<?xml version="1.0" encoding="UTF-8"?>
<!-- Generated by org.testng.reporters.JUnitReportReporter -->
<testsuite skipped="0" hostname="SNL011025058" name="RestTest.Example" tests="1" failures="0" timestamp="22 Jun 2021 06:57:31 GMT" time="1.894" errors="0">
  <testcase name="delete" time="1.894" classname="RestTest.Example"/>
</testsuite> <!-- RestTest.Example -->
